2019-01-17 00:02:28.231  INFO 8420 --- [AsyncResolver-bootstrap-executor-0] c.n.d.s.r.aws.ConfigClusterResolver      : [2m:[0;39m [requestId:] Resolving eureka endpoints via configuration
2019-01-17 00:07:28.237  INFO 8420 --- [AsyncResolver-bootstrap-executor-0] c.n.d.s.r.aws.ConfigClusterResolver      : [2m:[0;39m [requestId:] Resolving eureka endpoints via configuration
2019-01-17 00:12:28.238  INFO 8420 --- [AsyncResolver-bootstrap-executor-0] c.n.d.s.r.aws.ConfigClusterResolver      : [2m:[0;39m [requestId:] Resolving eureka endpoints via configuration
2019-01-17 00:17:28.239  INFO 8420 --- [AsyncResolver-bootstrap-executor-0] c.n.d.s.r.aws.ConfigClusterResolver      : [2m:[0;39m [requestId:] Resolving eureka endpoints via configuration
2019-01-17 00:22:28.240  INFO 8420 --- [AsyncResolver-bootstrap-executor-0] c.n.d.s.r.aws.ConfigClusterResolver      : [2m:[0;39m [requestId:] Resolving eureka endpoints via configuration
2019-01-17 00:27:28.241  INFO 8420 --- [AsyncResolver-bootstrap-executor-0] c.n.d.s.r.aws.ConfigClusterResolver      : [2m:[0;39m [requestId:] Resolving eureka endpoints via configuration
2019-01-17 00:32:28.243  INFO 8420 --- [AsyncResolver-bootstrap-executor-0] c.n.d.s.r.aws.ConfigClusterResolver      : [2m:[0;39m [requestId:] Resolving eureka endpoints via configuration
2019-01-17 00:37:28.244  INFO 8420 --- [AsyncResolver-bootstrap-executor-0] c.n.d.s.r.aws.ConfigClusterResolver      : [2m:[0;39m [requestId:] Resolving eureka endpoints via configuration
2019-01-17 00:42:28.245  INFO 8420 --- [AsyncResolver-bootstrap-executor-0] c.n.d.s.r.aws.ConfigClusterResolver      : [2m:[0;39m [requestId:] Resolving eureka endpoints via configuration
2019-01-17 00:47:28.245  INFO 8420 --- [AsyncResolver-bootstrap-executor-0] c.n.d.s.r.aws.ConfigClusterResolver      : [2m:[0;39m [requestId:] Resolving eureka endpoints via configuration
2019-01-17 00:52:28.247  INFO 8420 --- [AsyncResolver-bootstrap-executor-0] c.n.d.s.r.aws.ConfigClusterResolver      : [2m:[0;39m [requestId:] Resolving eureka endpoints via configuration
2019-01-17 00:57:28.248  INFO 8420 --- [AsyncResolver-bootstrap-executor-0] c.n.d.s.r.aws.ConfigClusterResolver      : [2m:[0;39m [requestId:] Resolving eureka endpoints via configuration
2019-01-17 01:02:28.250  INFO 8420 --- [AsyncResolver-bootstrap-executor-0] c.n.d.s.r.aws.ConfigClusterResolver      : [2m:[0;39m [requestId:] Resolving eureka endpoints via configuration
2019-01-17 01:07:28.252  INFO 8420 --- [AsyncResolver-bootstrap-executor-0] c.n.d.s.r.aws.ConfigClusterResolver      : [2m:[0;39m [requestId:] Resolving eureka endpoints via configuration
2019-01-17 01:12:28.253  INFO 8420 --- [AsyncResolver-bootstrap-executor-0] c.n.d.s.r.aws.ConfigClusterResolver      : [2m:[0;39m [requestId:] Resolving eureka endpoints via configuration
2019-01-17 01:17:28.254  INFO 8420 --- [AsyncResolver-bootstrap-executor-0] c.n.d.s.r.aws.ConfigClusterResolver      : [2m:[0;39m [requestId:] Resolving eureka endpoints via configuration
2019-01-17 01:22:28.256  INFO 8420 --- [AsyncResolver-bootstrap-executor-0] c.n.d.s.r.aws.ConfigClusterResolver      : [2m:[0;39m [requestId:] Resolving eureka endpoints via configuration
2019-01-17 01:27:28.257  INFO 8420 --- [AsyncResolver-bootstrap-executor-0] c.n.d.s.r.aws.ConfigClusterResolver      : [2m:[0;39m [requestId:] Resolving eureka endpoints via configuration
2019-01-17 01:32:28.259  INFO 8420 --- [AsyncResolver-bootstrap-executor-0] c.n.d.s.r.aws.ConfigClusterResolver      : [2m:[0;39m [requestId:] Resolving eureka endpoints via configuration
2019-01-17 01:37:28.260  INFO 8420 --- [AsyncResolver-bootstrap-executor-0] c.n.d.s.r.aws.ConfigClusterResolver      : [2m:[0;39m [requestId:] Resolving eureka endpoints via configuration
2019-01-17 01:42:28.261  INFO 8420 --- [AsyncResolver-bootstrap-executor-0] c.n.d.s.r.aws.ConfigClusterResolver      : [2m:[0;39m [requestId:] Resolving eureka endpoints via configuration
2019-01-17 01:47:28.263  INFO 8420 --- [AsyncResolver-bootstrap-executor-0] c.n.d.s.r.aws.ConfigClusterResolver      : [2m:[0;39m [requestId:] Resolving eureka endpoints via configuration
2019-01-17 01:52:28.264  INFO 8420 --- [AsyncResolver-bootstrap-executor-0] c.n.d.s.r.aws.ConfigClusterResolver      : [2m:[0;39m [requestId:] Resolving eureka endpoints via configuration
2019-01-17 01:57:28.265  INFO 8420 --- [AsyncResolver-bootstrap-executor-0] c.n.d.s.r.aws.ConfigClusterResolver      : [2m:[0;39m [requestId:] Resolving eureka endpoints via configuration
2019-01-17 02:02:28.267  INFO 8420 --- [AsyncResolver-bootstrap-executor-0] c.n.d.s.r.aws.ConfigClusterResolver      : [2m:[0;39m [requestId:] Resolving eureka endpoints via configuration
2019-01-17 02:07:28.268  INFO 8420 --- [AsyncResolver-bootstrap-executor-0] c.n.d.s.r.aws.ConfigClusterResolver      : [2m:[0;39m [requestId:] Resolving eureka endpoints via configuration
2019-01-17 02:12:28.268  INFO 8420 --- [AsyncResolver-bootstrap-executor-0] c.n.d.s.r.aws.ConfigClusterResolver      : [2m:[0;39m [requestId:] Resolving eureka endpoints via configuration
2019-01-17 02:17:28.270  INFO 8420 --- [AsyncResolver-bootstrap-executor-0] c.n.d.s.r.aws.ConfigClusterResolver      : [2m:[0;39m [requestId:] Resolving eureka endpoints via configuration
2019-01-17 02:22:28.271  INFO 8420 --- [AsyncResolver-bootstrap-executor-0] c.n.d.s.r.aws.ConfigClusterResolver      : [2m:[0;39m [requestId:] Resolving eureka endpoints via configuration
2019-01-17 02:27:28.272  INFO 8420 --- [AsyncResolver-bootstrap-executor-0] c.n.d.s.r.aws.ConfigClusterResolver      : [2m:[0;39m [requestId:] Resolving eureka endpoints via configuration
2019-01-17 02:32:28.274  INFO 8420 --- [AsyncResolver-bootstrap-executor-0] c.n.d.s.r.aws.ConfigClusterResolver      : [2m:[0;39m [requestId:] Resolving eureka endpoints via configuration
2019-01-17 02:37:28.275  INFO 8420 --- [AsyncResolver-bootstrap-executor-0] c.n.d.s.r.aws.ConfigClusterResolver      : [2m:[0;39m [requestId:] Resolving eureka endpoints via configuration
2019-01-17 02:42:28.277  INFO 8420 --- [AsyncResolver-bootstrap-executor-0] c.n.d.s.r.aws.ConfigClusterResolver      : [2m:[0;39m [requestId:] Resolving eureka endpoints via configuration
2019-01-17 02:47:28.278  INFO 8420 --- [AsyncResolver-bootstrap-executor-0] c.n.d.s.r.aws.ConfigClusterResolver      : [2m:[0;39m [requestId:] Resolving eureka endpoints via configuration
2019-01-17 02:52:28.280  INFO 8420 --- [AsyncResolver-bootstrap-executor-0] c.n.d.s.r.aws.ConfigClusterResolver      : [2m:[0;39m [requestId:] Resolving eureka endpoints via configuration
2019-01-17 02:57:28.282  INFO 8420 --- [AsyncResolver-bootstrap-executor-0] c.n.d.s.r.aws.ConfigClusterResolver      : [2m:[0;39m [requestId:] Resolving eureka endpoints via configuration
2019-01-17 03:02:28.283  INFO 8420 --- [AsyncResolver-bootstrap-executor-0] c.n.d.s.r.aws.ConfigClusterResolver      : [2m:[0;39m [requestId:] Resolving eureka endpoints via configuration
2019-01-17 03:07:28.285  INFO 8420 --- [AsyncResolver-bootstrap-executor-0] c.n.d.s.r.aws.ConfigClusterResolver      : [2m:[0;39m [requestId:] Resolving eureka endpoints via configuration
2019-01-17 03:12:28.285  INFO 8420 --- [AsyncResolver-bootstrap-executor-0] c.n.d.s.r.aws.ConfigClusterResolver      : [2m:[0;39m [requestId:] Resolving eureka endpoints via configuration
2019-01-17 03:17:28.286  INFO 8420 --- [AsyncResolver-bootstrap-executor-0] c.n.d.s.r.aws.ConfigClusterResolver      : [2m:[0;39m [requestId:] Resolving eureka endpoints via configuration
2019-01-17 03:22:28.287  INFO 8420 --- [AsyncResolver-bootstrap-executor-0] c.n.d.s.r.aws.ConfigClusterResolver      : [2m:[0;39m [requestId:] Resolving eureka endpoints via configuration
2019-01-17 03:27:28.289  INFO 8420 --- [AsyncResolver-bootstrap-executor-0] c.n.d.s.r.aws.ConfigClusterResolver      : [2m:[0;39m [requestId:] Resolving eureka endpoints via configuration
2019-01-17 03:32:28.290  INFO 8420 --- [AsyncResolver-bootstrap-executor-0] c.n.d.s.r.aws.ConfigClusterResolver      : [2m:[0;39m [requestId:] Resolving eureka endpoints via configuration
2019-01-17 03:37:28.293  INFO 8420 --- [AsyncResolver-bootstrap-executor-0] c.n.d.s.r.aws.ConfigClusterResolver      : [2m:[0;39m [requestId:] Resolving eureka endpoints via configuration
2019-01-17 03:42:28.294  INFO 8420 --- [AsyncResolver-bootstrap-executor-0] c.n.d.s.r.aws.ConfigClusterResolver      : [2m:[0;39m [requestId:] Resolving eureka endpoints via configuration
2019-01-17 03:47:28.295  INFO 8420 --- [AsyncResolver-bootstrap-executor-0] c.n.d.s.r.aws.ConfigClusterResolver      : [2m:[0;39m [requestId:] Resolving eureka endpoints via configuration
2019-01-17 03:52:28.296  INFO 8420 --- [AsyncResolver-bootstrap-executor-0] c.n.d.s.r.aws.ConfigClusterResolver      : [2m:[0;39m [requestId:] Resolving eureka endpoints via configuration
2019-01-17 03:57:28.297  INFO 8420 --- [AsyncResolver-bootstrap-executor-0] c.n.d.s.r.aws.ConfigClusterResolver      : [2m:[0;39m [requestId:] Resolving eureka endpoints via configuration
2019-01-17 04:02:28.299  INFO 8420 --- [AsyncResolver-bootstrap-executor-0] c.n.d.s.r.aws.ConfigClusterResolver      : [2m:[0;39m [requestId:] Resolving eureka endpoints via configuration
2019-01-17 04:07:28.300  INFO 8420 --- [AsyncResolver-bootstrap-executor-0] c.n.d.s.r.aws.ConfigClusterResolver      : [2m:[0;39m [requestId:] Resolving eureka endpoints via configuration
2019-01-17 04:12:28.301  INFO 8420 --- [AsyncResolver-bootstrap-executor-0] c.n.d.s.r.aws.ConfigClusterResolver      : [2m:[0;39m [requestId:] Resolving eureka endpoints via configuration
2019-01-17 04:17:28.303  INFO 8420 --- [AsyncResolver-bootstrap-executor-0] c.n.d.s.r.aws.ConfigClusterResolver      : [2m:[0;39m [requestId:] Resolving eureka endpoints via configuration
2019-01-17 04:22:28.304  INFO 8420 --- [AsyncResolver-bootstrap-executor-0] c.n.d.s.r.aws.ConfigClusterResolver      : [2m:[0;39m [requestId:] Resolving eureka endpoints via configuration
2019-01-17 04:27:28.305  INFO 8420 --- [AsyncResolver-bootstrap-executor-0] c.n.d.s.r.aws.ConfigClusterResolver      : [2m:[0;39m [requestId:] Resolving eureka endpoints via configuration
2019-01-17 04:32:28.306  INFO 8420 --- [AsyncResolver-bootstrap-executor-0] c.n.d.s.r.aws.ConfigClusterResolver      : [2m:[0;39m [requestId:] Resolving eureka endpoints via configuration
2019-01-17 04:37:28.307  INFO 8420 --- [AsyncResolver-bootstrap-executor-0] c.n.d.s.r.aws.ConfigClusterResolver      : [2m:[0;39m [requestId:] Resolving eureka endpoints via configuration
2019-01-17 04:42:28.308  INFO 8420 --- [AsyncResolver-bootstrap-executor-0] c.n.d.s.r.aws.ConfigClusterResolver      : [2m:[0;39m [requestId:] Resolving eureka endpoints via configuration
2019-01-17 04:47:28.310  INFO 8420 --- [AsyncResolver-bootstrap-executor-0] c.n.d.s.r.aws.ConfigClusterResolver      : [2m:[0;39m [requestId:] Resolving eureka endpoints via configuration
2019-01-17 04:52:28.311  INFO 8420 --- [AsyncResolver-bootstrap-executor-0] c.n.d.s.r.aws.ConfigClusterResolver      : [2m:[0;39m [requestId:] Resolving eureka endpoints via configuration
2019-01-17 04:57:28.312  INFO 8420 --- [AsyncResolver-bootstrap-executor-0] c.n.d.s.r.aws.ConfigClusterResolver      : [2m:[0;39m [requestId:] Resolving eureka endpoints via configuration
2019-01-17 05:02:28.314  INFO 8420 --- [AsyncResolver-bootstrap-executor-0] c.n.d.s.r.aws.ConfigClusterResolver      : [2m:[0;39m [requestId:] Resolving eureka endpoints via configuration
2019-01-17 05:07:28.315  INFO 8420 --- [AsyncResolver-bootstrap-executor-0] c.n.d.s.r.aws.ConfigClusterResolver      : [2m:[0;39m [requestId:] Resolving eureka endpoints via configuration
2019-01-17 05:12:28.317  INFO 8420 --- [AsyncResolver-bootstrap-executor-0] c.n.d.s.r.aws.ConfigClusterResolver      : [2m:[0;39m [requestId:] Resolving eureka endpoints via configuration
2019-01-17 05:17:28.318  INFO 8420 --- [AsyncResolver-bootstrap-executor-0] c.n.d.s.r.aws.ConfigClusterResolver      : [2m:[0;39m [requestId:] Resolving eureka endpoints via configuration
2019-01-17 05:22:28.319  INFO 8420 --- [AsyncResolver-bootstrap-executor-0] c.n.d.s.r.aws.ConfigClusterResolver      : [2m:[0;39m [requestId:] Resolving eureka endpoints via configuration
2019-01-17 05:27:28.320  INFO 8420 --- [AsyncResolver-bootstrap-executor-0] c.n.d.s.r.aws.ConfigClusterResolver      : [2m:[0;39m [requestId:] Resolving eureka endpoints via configuration
2019-01-17 05:32:28.322  INFO 8420 --- [AsyncResolver-bootstrap-executor-0] c.n.d.s.r.aws.ConfigClusterResolver      : [2m:[0;39m [requestId:] Resolving eureka endpoints via configuration
2019-01-17 05:37:28.323  INFO 8420 --- [AsyncResolver-bootstrap-executor-0] c.n.d.s.r.aws.ConfigClusterResolver      : [2m:[0;39m [requestId:] Resolving eureka endpoints via configuration
2019-01-17 05:42:28.325  INFO 8420 --- [AsyncResolver-bootstrap-executor-0] c.n.d.s.r.aws.ConfigClusterResolver      : [2m:[0;39m [requestId:] Resolving eureka endpoints via configuration
2019-01-17 05:47:28.325  INFO 8420 --- [AsyncResolver-bootstrap-executor-0] c.n.d.s.r.aws.ConfigClusterResolver      : [2m:[0;39m [requestId:] Resolving eureka endpoints via configuration
2019-01-17 05:52:28.326  INFO 8420 --- [AsyncResolver-bootstrap-executor-0] c.n.d.s.r.aws.ConfigClusterResolver      : [2m:[0;39m [requestId:] Resolving eureka endpoints via configuration
2019-01-17 05:57:28.328  INFO 8420 --- [AsyncResolver-bootstrap-executor-0] c.n.d.s.r.aws.ConfigClusterResolver      : [2m:[0;39m [requestId:] Resolving eureka endpoints via configuration
2019-01-17 06:02:28.328  INFO 8420 --- [AsyncResolver-bootstrap-executor-0] c.n.d.s.r.aws.ConfigClusterResolver      : [2m:[0;39m [requestId:] Resolving eureka endpoints via configuration
2019-01-17 06:07:28.329  INFO 8420 --- [AsyncResolver-bootstrap-executor-0] c.n.d.s.r.aws.ConfigClusterResolver      : [2m:[0;39m [requestId:] Resolving eureka endpoints via configuration
2019-01-17 06:12:28.332  INFO 8420 --- [AsyncResolver-bootstrap-executor-0] c.n.d.s.r.aws.ConfigClusterResolver      : [2m:[0;39m [requestId:] Resolving eureka endpoints via configuration
2019-01-17 06:17:28.333  INFO 8420 --- [AsyncResolver-bootstrap-executor-0] c.n.d.s.r.aws.ConfigClusterResolver      : [2m:[0;39m [requestId:] Resolving eureka endpoints via configuration
2019-01-17 06:22:28.334  INFO 8420 --- [AsyncResolver-bootstrap-executor-0] c.n.d.s.r.aws.ConfigClusterResolver      : [2m:[0;39m [requestId:] Resolving eureka endpoints via configuration
2019-01-17 06:27:28.335  INFO 8420 --- [AsyncResolver-bootstrap-executor-0] c.n.d.s.r.aws.ConfigClusterResolver      : [2m:[0;39m [requestId:] Resolving eureka endpoints via configuration
2019-01-17 06:32:28.336  INFO 8420 --- [AsyncResolver-bootstrap-executor-0] c.n.d.s.r.aws.ConfigClusterResolver      : [2m:[0;39m [requestId:] Resolving eureka endpoints via configuration
2019-01-17 06:37:28.337  INFO 8420 --- [AsyncResolver-bootstrap-executor-0] c.n.d.s.r.aws.ConfigClusterResolver      : [2m:[0;39m [requestId:] Resolving eureka endpoints via configuration
2019-01-17 06:42:28.339  INFO 8420 --- [AsyncResolver-bootstrap-executor-0] c.n.d.s.r.aws.ConfigClusterResolver      : [2m:[0;39m [requestId:] Resolving eureka endpoints via configuration
2019-01-17 06:47:28.341  INFO 8420 --- [AsyncResolver-bootstrap-executor-0] c.n.d.s.r.aws.ConfigClusterResolver      : [2m:[0;39m [requestId:] Resolving eureka endpoints via configuration
2019-01-17 06:52:28.342  INFO 8420 --- [AsyncResolver-bootstrap-executor-0] c.n.d.s.r.aws.ConfigClusterResolver      : [2m:[0;39m [requestId:] Resolving eureka endpoints via configuration
2019-01-17 06:57:28.343  INFO 8420 --- [AsyncResolver-bootstrap-executor-0] c.n.d.s.r.aws.ConfigClusterResolver      : [2m:[0;39m [requestId:] Resolving eureka endpoints via configuration
2019-01-17 07:02:28.343  INFO 8420 --- [AsyncResolver-bootstrap-executor-0] c.n.d.s.r.aws.ConfigClusterResolver      : [2m:[0;39m [requestId:] Resolving eureka endpoints via configuration
2019-01-17 07:07:28.345  INFO 8420 --- [AsyncResolver-bootstrap-executor-0] c.n.d.s.r.aws.ConfigClusterResolver      : [2m:[0;39m [requestId:] Resolving eureka endpoints via configuration
2019-01-17 07:12:28.346  INFO 8420 --- [AsyncResolver-bootstrap-executor-0] c.n.d.s.r.aws.ConfigClusterResolver      : [2m:[0;39m [requestId:] Resolving eureka endpoints via configuration
2019-01-17 07:17:28.348  INFO 8420 --- [AsyncResolver-bootstrap-executor-0] c.n.d.s.r.aws.ConfigClusterResolver      : [2m:[0;39m [requestId:] Resolving eureka endpoints via configuration
2019-01-17 07:22:28.351  INFO 8420 --- [AsyncResolver-bootstrap-executor-0] c.n.d.s.r.aws.ConfigClusterResolver      : [2m:[0;39m [requestId:] Resolving eureka endpoints via configuration
2019-01-17 07:27:28.352  INFO 8420 --- [AsyncResolver-bootstrap-executor-0] c.n.d.s.r.aws.ConfigClusterResolver      : [2m:[0;39m [requestId:] Resolving eureka endpoints via configuration
2019-01-17 07:32:28.353  INFO 8420 --- [AsyncResolver-bootstrap-executor-0] c.n.d.s.r.aws.ConfigClusterResolver      : [2m:[0;39m [requestId:] Resolving eureka endpoints via configuration
2019-01-17 07:37:28.355  INFO 8420 --- [AsyncResolver-bootstrap-executor-0] c.n.d.s.r.aws.ConfigClusterResolver      : [2m:[0;39m [requestId:] Resolving eureka endpoints via configuration
2019-01-17 07:42:28.356  INFO 8420 --- [AsyncResolver-bootstrap-executor-0] c.n.d.s.r.aws.ConfigClusterResolver      : [2m:[0;39m [requestId:] Resolving eureka endpoints via configuration
2019-01-17 07:47:28.358  INFO 8420 --- [AsyncResolver-bootstrap-executor-0] c.n.d.s.r.aws.ConfigClusterResolver      : [2m:[0;39m [requestId:] Resolving eureka endpoints via configuration
2019-01-17 07:52:28.359  INFO 8420 --- [AsyncResolver-bootstrap-executor-0] c.n.d.s.r.aws.ConfigClusterResolver      : [2m:[0;39m [requestId:] Resolving eureka endpoints via configuration
2019-01-17 07:57:28.360  INFO 8420 --- [AsyncResolver-bootstrap-executor-0] c.n.d.s.r.aws.ConfigClusterResolver      : [2m:[0;39m [requestId:] Resolving eureka endpoints via configuration
2019-01-17 08:02:28.362  INFO 8420 --- [AsyncResolver-bootstrap-executor-0] c.n.d.s.r.aws.ConfigClusterResolver      : [2m:[0;39m [requestId:] Resolving eureka endpoints via configuration
2019-01-17 08:07:28.363  INFO 8420 --- [AsyncResolver-bootstrap-executor-0] c.n.d.s.r.aws.ConfigClusterResolver      : [2m:[0;39m [requestId:] Resolving eureka endpoints via configuration
2019-01-17 08:12:28.365  INFO 8420 --- [AsyncResolver-bootstrap-executor-0] c.n.d.s.r.aws.ConfigClusterResolver      : [2m:[0;39m [requestId:] Resolving eureka endpoints via configuration
2019-01-17 08:17:28.366  INFO 8420 --- [AsyncResolver-bootstrap-executor-0] c.n.d.s.r.aws.ConfigClusterResolver      : [2m:[0;39m [requestId:] Resolving eureka endpoints via configuration
2019-01-17 08:22:28.367  INFO 8420 --- [AsyncResolver-bootstrap-executor-0] c.n.d.s.r.aws.ConfigClusterResolver      : [2m:[0;39m [requestId:] Resolving eureka endpoints via configuration
2019-01-17 08:27:28.368  INFO 8420 --- [AsyncResolver-bootstrap-executor-0] c.n.d.s.r.aws.ConfigClusterResolver      : [2m:[0;39m [requestId:] Resolving eureka endpoints via configuration
2019-01-17 08:32:28.369  INFO 8420 --- [AsyncResolver-bootstrap-executor-0] c.n.d.s.r.aws.ConfigClusterResolver      : [2m:[0;39m [requestId:] Resolving eureka endpoints via configuration
2019-01-17 08:37:28.371  INFO 8420 --- [AsyncResolver-bootstrap-executor-0] c.n.d.s.r.aws.ConfigClusterResolver      : [2m:[0;39m [requestId:] Resolving eureka endpoints via configuration
2019-01-17 08:42:28.372  INFO 8420 --- [AsyncResolver-bootstrap-executor-0] c.n.d.s.r.aws.ConfigClusterResolver      : [2m:[0;39m [requestId:] Resolving eureka endpoints via configuration
2019-01-17 08:47:28.374  INFO 8420 --- [AsyncResolver-bootstrap-executor-0] c.n.d.s.r.aws.ConfigClusterResolver      : [2m:[0;39m [requestId:] Resolving eureka endpoints via configuration
2019-01-17 08:52:28.376  INFO 8420 --- [AsyncResolver-bootstrap-executor-0] c.n.d.s.r.aws.ConfigClusterResolver      : [2m:[0;39m [requestId:] Resolving eureka endpoints via configuration
2019-01-17 08:57:28.378  INFO 8420 --- [AsyncResolver-bootstrap-executor-0] c.n.d.s.r.aws.ConfigClusterResolver      : [2m:[0;39m [requestId:] Resolving eureka endpoints via configuration
2019-01-17 09:02:28.379  INFO 8420 --- [AsyncResolver-bootstrap-executor-0] c.n.d.s.r.aws.ConfigClusterResolver      : [2m:[0;39m [requestId:] Resolving eureka endpoints via configuration
2019-01-17 09:07:28.380  INFO 8420 --- [AsyncResolver-bootstrap-executor-0] c.n.d.s.r.aws.ConfigClusterResolver      : [2m:[0;39m [requestId:] Resolving eureka endpoints via configuration
2019-01-17 09:12:28.381  INFO 8420 --- [AsyncResolver-bootstrap-executor-0] c.n.d.s.r.aws.ConfigClusterResolver      : [2m:[0;39m [requestId:] Resolving eureka endpoints via configuration
2019-01-17 09:17:28.382  INFO 8420 --- [AsyncResolver-bootstrap-executor-0] c.n.d.s.r.aws.ConfigClusterResolver      : [2m:[0;39m [requestId:] Resolving eureka endpoints via configuration
2019-01-17 09:22:28.384  INFO 8420 --- [AsyncResolver-bootstrap-executor-0] c.n.d.s.r.aws.ConfigClusterResolver      : [2m:[0;39m [requestId:] Resolving eureka endpoints via configuration
2019-01-17 09:27:28.385  INFO 8420 --- [AsyncResolver-bootstrap-executor-0] c.n.d.s.r.aws.ConfigClusterResolver      : [2m:[0;39m [requestId:] Resolving eureka endpoints via configuration
2019-01-17 09:32:28.386  INFO 8420 --- [AsyncResolver-bootstrap-executor-0] c.n.d.s.r.aws.ConfigClusterResolver      : [2m:[0;39m [requestId:] Resolving eureka endpoints via configuration
2019-01-17 09:37:28.388  INFO 8420 --- [AsyncResolver-bootstrap-executor-0] c.n.d.s.r.aws.ConfigClusterResolver      : [2m:[0;39m [requestId:] Resolving eureka endpoints via configuration
2019-01-17 09:42:00.053  WARN 8420 --- [pool-10-thread-1] ssPathScanningCandidateComponentProvider : [2m:[0;39m [requestId:] No MyBatis mapper was found in '[com.apark.dao]' package. Please check your configuration.
2019-01-17 09:42:28.389  INFO 8420 --- [AsyncResolver-bootstrap-executor-0] c.n.d.s.r.aws.ConfigClusterResolver      : [2m:[0;39m [requestId:] Resolving eureka endpoints via configuration
2019-01-17 09:42:38.575  WARN 8420 --- [DiscoveryClient-InstanceInfoReplicator-0] ssPathScanningCandidateComponentProvider : [2m:[0;39m [requestId:] No MyBatis mapper was found in '[com.apark.dao]' package. Please check your configuration.
2019-01-17 09:42:38.999  INFO 8420 --- [DiscoveryClient-InstanceInfoReplicator-0] .m.m.a.ExceptionHandlerExceptionResolver : [2m:[0;39m [requestId:] Detected @ExceptionHandler methods in defalutExceptionHandler
2019-01-17 09:42:39.008  INFO 8420 --- [DiscoveryClient-InstanceInfoReplicator-0] s.w.s.m.m.a.RequestMappingHandlerAdapter : [2m:[0;39m [requestId:] Looking for @ControllerAdvice: org.springframework.boot.web.servlet.context.AnnotationConfigServletWebServerApplicationContext@5a81545c: startup date [Wed Jan 16 09:32:16 CST 2019]; parent: org.springframework.context.annotation.AnnotationConfigApplicationContext@7b50e70a
2019-01-17 09:47:28.391  INFO 8420 --- [AsyncResolver-bootstrap-executor-0] c.n.d.s.r.aws.ConfigClusterResolver      : [2m:[0;39m [requestId:] Resolving eureka endpoints via configuration
2019-01-17 09:52:28.392  INFO 8420 --- [AsyncResolver-bootstrap-executor-0] c.n.d.s.r.aws.ConfigClusterResolver      : [2m:[0;39m [requestId:] Resolving eureka endpoints via configuration
2019-01-17 09:57:28.393  INFO 8420 --- [AsyncResolver-bootstrap-executor-0] c.n.d.s.r.aws.ConfigClusterResolver      : [2m:[0;39m [requestId:] Resolving eureka endpoints via configuration
2019-01-17 10:02:28.394  INFO 8420 --- [AsyncResolver-bootstrap-executor-0] c.n.d.s.r.aws.ConfigClusterResolver      : [2m:[0;39m [requestId:] Resolving eureka endpoints via configuration
2019-01-17 10:07:28.397  INFO 8420 --- [AsyncResolver-bootstrap-executor-0] c.n.d.s.r.aws.ConfigClusterResolver      : [2m:[0;39m [requestId:] Resolving eureka endpoints via configuration
2019-01-17 10:12:28.399  INFO 8420 --- [AsyncResolver-bootstrap-executor-0] c.n.d.s.r.aws.ConfigClusterResolver      : [2m:[0;39m [requestId:] Resolving eureka endpoints via configuration
2019-01-17 10:17:28.400  INFO 8420 --- [AsyncResolver-bootstrap-executor-0] c.n.d.s.r.aws.ConfigClusterResolver      : [2m:[0;39m [requestId:] Resolving eureka endpoints via configuration
2019-01-17 10:22:28.401  INFO 8420 --- [AsyncResolver-bootstrap-executor-0] c.n.d.s.r.aws.ConfigClusterResolver      : [2m:[0;39m [requestId:] Resolving eureka endpoints via configuration
2019-01-17 10:27:28.403  INFO 8420 --- [AsyncResolver-bootstrap-executor-0] c.n.d.s.r.aws.ConfigClusterResolver      : [2m:[0;39m [requestId:] Resolving eureka endpoints via configuration
2019-01-17 10:32:28.404  INFO 8420 --- [AsyncResolver-bootstrap-executor-0] c.n.d.s.r.aws.ConfigClusterResolver      : [2m:[0;39m [requestId:] Resolving eureka endpoints via configuration
2019-01-17 10:37:28.405  INFO 8420 --- [AsyncResolver-bootstrap-executor-0] c.n.d.s.r.aws.ConfigClusterResolver      : [2m:[0;39m [requestId:] Resolving eureka endpoints via configuration
2019-01-17 10:42:28.407  INFO 8420 --- [AsyncResolver-bootstrap-executor-0] c.n.d.s.r.aws.ConfigClusterResolver      : [2m:[0;39m [requestId:] Resolving eureka endpoints via configuration
2019-01-17 10:47:28.408  INFO 8420 --- [AsyncResolver-bootstrap-executor-0] c.n.d.s.r.aws.ConfigClusterResolver      : [2m:[0;39m [requestId:] Resolving eureka endpoints via configuration
2019-01-17 10:52:28.410  INFO 8420 --- [AsyncResolver-bootstrap-executor-0] c.n.d.s.r.aws.ConfigClusterResolver      : [2m:[0;39m [requestId:] Resolving eureka endpoints via configuration
2019-01-17 10:57:28.411  INFO 8420 --- [AsyncResolver-bootstrap-executor-0] c.n.d.s.r.aws.ConfigClusterResolver      : [2m:[0;39m [requestId:] Resolving eureka endpoints via configuration
2019-01-17 11:02:28.413  INFO 8420 --- [AsyncResolver-bootstrap-executor-0] c.n.d.s.r.aws.ConfigClusterResolver      : [2m:[0;39m [requestId:] Resolving eureka endpoints via configuration
2019-01-17 11:07:28.414  INFO 8420 --- [AsyncResolver-bootstrap-executor-0] c.n.d.s.r.aws.ConfigClusterResolver      : [2m:[0;39m [requestId:] Resolving eureka endpoints via configuration
2019-01-17 11:12:28.415  INFO 8420 --- [AsyncResolver-bootstrap-executor-0] c.n.d.s.r.aws.ConfigClusterResolver      : [2m:[0;39m [requestId:] Resolving eureka endpoints via configuration
2019-01-17 11:17:28.417  INFO 8420 --- [AsyncResolver-bootstrap-executor-0] c.n.d.s.r.aws.ConfigClusterResolver      : [2m:[0;39m [requestId:] Resolving eureka endpoints via configuration
2019-01-17 11:22:28.418  INFO 8420 --- [AsyncResolver-bootstrap-executor-0] c.n.d.s.r.aws.ConfigClusterResolver      : [2m:[0;39m [requestId:] Resolving eureka endpoints via configuration
2019-01-17 11:27:28.420  INFO 8420 --- [AsyncResolver-bootstrap-executor-0] c.n.d.s.r.aws.ConfigClusterResolver      : [2m:[0;39m [requestId:] Resolving eureka endpoints via configuration
2019-01-17 11:32:28.421  INFO 8420 --- [AsyncResolver-bootstrap-executor-0] c.n.d.s.r.aws.ConfigClusterResolver      : [2m:[0;39m [requestId:] Resolving eureka endpoints via configuration
2019-01-17 11:37:28.422  INFO 8420 --- [AsyncResolver-bootstrap-executor-0] c.n.d.s.r.aws.ConfigClusterResolver      : [2m:[0;39m [requestId:] Resolving eureka endpoints via configuration
2019-01-17 11:42:28.424  INFO 8420 --- [AsyncResolver-bootstrap-executor-0] c.n.d.s.r.aws.ConfigClusterResolver      : [2m:[0;39m [requestId:] Resolving eureka endpoints via configuration
2019-01-17 11:47:28.426  INFO 8420 --- [AsyncResolver-bootstrap-executor-0] c.n.d.s.r.aws.ConfigClusterResolver      : [2m:[0;39m [requestId:] Resolving eureka endpoints via configuration
2019-01-17 11:52:28.427  INFO 8420 --- [AsyncResolver-bootstrap-executor-0] c.n.d.s.r.aws.ConfigClusterResolver      : [2m:[0;39m [requestId:] Resolving eureka endpoints via configuration
2019-01-17 11:57:28.428  INFO 8420 --- [AsyncResolver-bootstrap-executor-0] c.n.d.s.r.aws.ConfigClusterResolver      : [2m:[0;39m [requestId:] Resolving eureka endpoints via configuration
2019-01-17 12:02:28.430  INFO 8420 --- [AsyncResolver-bootstrap-executor-0] c.n.d.s.r.aws.ConfigClusterResolver      : [2m:[0;39m [requestId:] Resolving eureka endpoints via configuration
2019-01-17 12:07:28.431  INFO 8420 --- [AsyncResolver-bootstrap-executor-0] c.n.d.s.r.aws.ConfigClusterResolver      : [2m:[0;39m [requestId:] Resolving eureka endpoints via configuration
2019-01-17 12:12:28.433  INFO 8420 --- [AsyncResolver-bootstrap-executor-0] c.n.d.s.r.aws.ConfigClusterResolver      : [2m:[0;39m [requestId:] Resolving eureka endpoints via configuration
2019-01-17 12:17:28.435  INFO 8420 --- [AsyncResolver-bootstrap-executor-0] c.n.d.s.r.aws.ConfigClusterResolver      : [2m:[0;39m [requestId:] Resolving eureka endpoints via configuration
2019-01-17 12:22:28.436  INFO 8420 --- [AsyncResolver-bootstrap-executor-0] c.n.d.s.r.aws.ConfigClusterResolver      : [2m:[0;39m [requestId:] Resolving eureka endpoints via configuration
2019-01-17 12:27:28.438  INFO 8420 --- [AsyncResolver-bootstrap-executor-0] c.n.d.s.r.aws.ConfigClusterResolver      : [2m:[0;39m [requestId:] Resolving eureka endpoints via configuration
2019-01-17 12:32:28.440  INFO 8420 --- [AsyncResolver-bootstrap-executor-0] c.n.d.s.r.aws.ConfigClusterResolver      : [2m:[0;39m [requestId:] Resolving eureka endpoints via configuration
2019-01-17 12:37:28.440  INFO 8420 --- [AsyncResolver-bootstrap-executor-0] c.n.d.s.r.aws.ConfigClusterResolver      : [2m:[0;39m [requestId:] Resolving eureka endpoints via configuration
2019-01-17 12:42:28.442  INFO 8420 --- [AsyncResolver-bootstrap-executor-0] c.n.d.s.r.aws.ConfigClusterResolver      : [2m:[0;39m [requestId:] Resolving eureka endpoints via configuration
2019-01-17 12:47:28.444  INFO 8420 --- [AsyncResolver-bootstrap-executor-0] c.n.d.s.r.aws.ConfigClusterResolver      : [2m:[0;39m [requestId:] Resolving eureka endpoints via configuration
2019-01-17 12:52:28.446  INFO 8420 --- [AsyncResolver-bootstrap-executor-0] c.n.d.s.r.aws.ConfigClusterResolver      : [2m:[0;39m [requestId:] Resolving eureka endpoints via configuration
2019-01-17 12:57:28.447  INFO 8420 --- [AsyncResolver-bootstrap-executor-0] c.n.d.s.r.aws.ConfigClusterResolver      : [2m:[0;39m [requestId:] Resolving eureka endpoints via configuration
2019-01-17 13:02:28.449  INFO 8420 --- [AsyncResolver-bootstrap-executor-0] c.n.d.s.r.aws.ConfigClusterResolver      : [2m:[0;39m [requestId:] Resolving eureka endpoints via configuration
2019-01-17 13:07:28.450  INFO 8420 --- [AsyncResolver-bootstrap-executor-0] c.n.d.s.r.aws.ConfigClusterResolver      : [2m:[0;39m [requestId:] Resolving eureka endpoints via configuration
2019-01-17 13:12:28.451  INFO 8420 --- [AsyncResolver-bootstrap-executor-0] c.n.d.s.r.aws.ConfigClusterResolver      : [2m:[0;39m [requestId:] Resolving eureka endpoints via configuration
2019-01-17 13:17:28.452  INFO 8420 --- [AsyncResolver-bootstrap-executor-0] c.n.d.s.r.aws.ConfigClusterResolver      : [2m:[0;39m [requestId:] Resolving eureka endpoints via configuration
2019-01-17 13:22:28.453  INFO 8420 --- [AsyncResolver-bootstrap-executor-0] c.n.d.s.r.aws.ConfigClusterResolver      : [2m:[0;39m [requestId:] Resolving eureka endpoints via configuration
2019-01-17 13:27:28.455  INFO 8420 --- [AsyncResolver-bootstrap-executor-0] c.n.d.s.r.aws.ConfigClusterResolver      : [2m:[0;39m [requestId:] Resolving eureka endpoints via configuration
2019-01-17 13:32:28.457  INFO 8420 --- [AsyncResolver-bootstrap-executor-0] c.n.d.s.r.aws.ConfigClusterResolver      : [2m:[0;39m [requestId:] Resolving eureka endpoints via configuration
2019-01-17 13:37:28.459  INFO 8420 --- [AsyncResolver-bootstrap-executor-0] c.n.d.s.r.aws.ConfigClusterResolver      : [2m:[0;39m [requestId:] Resolving eureka endpoints via configuration
2019-01-17 13:42:28.461  INFO 8420 --- [AsyncResolver-bootstrap-executor-0] c.n.d.s.r.aws.ConfigClusterResolver      : [2m:[0;39m [requestId:] Resolving eureka endpoints via configuration
